<?xml version="1.0" encoding="UTF-8"?>
<testsuite xmlns:xsi="http://www.w3.org/2001/XMLSchema-instance" xsi:noNamespaceSchemaLocation="https://maven.apache.org/surefire/maven-surefire-plugin/xsd/surefire-test-report.xsd" name="at.ac.fhcampuswien.UnitTest" time="0.002" tests="1" errors="1" skipped="0" failures="0">
  <properties>
    <property name="java.specification.version" value="16"/>
    <property name="sun.jnu.encoding" value="UTF-8"/>
    <property name="java.class.path" value="/Users/aska/Projects/Prog2_G4.4/target/test-classes:/Users/aska/Projects/Prog2_G4.4/target/classes:/Users/aska/.m2/repository/org/junit/jupiter/junit-jupiter-engine/5.8.2/junit-jupiter-engine-5.8.2.jar:/Users/aska/.m2/repository/org/junit/platform/junit-platform-engine/1.8.2/junit-platform-engine-1.8.2.jar:/Users/aska/.m2/repository/org/apiguardian/apiguardian-api/1.1.2/apiguardian-api-1.1.2.jar:/Users/aska/.m2/repository/org/junit/jupiter/junit-jupiter-api/5.8.2/junit-jupiter-api-5.8.2.jar:/Users/aska/.m2/repository/org/opentest4j/opentest4j/1.2.0/opentest4j-1.2.0.jar:/Users/aska/.m2/repository/org/junit/platform/junit-platform-commons/1.8.2/junit-platform-commons-1.8.2.jar:/Users/aska/.m2/repository/org/openjfx/javafx-controls/18/javafx-controls-18.jar:/Users/aska/.m2/repository/org/openjfx/javafx-controls/18/javafx-controls-18-mac.jar:/Users/aska/.m2/repository/org/openjfx/javafx-graphics/18/javafx-graphics-18.jar:/Users/aska/.m2/repository/org/openjfx/javafx-graphics/18/javafx-graphics-18-mac.jar:/Users/aska/.m2/repository/org/openjfx/javafx-base/18/javafx-base-18.jar:/Users/aska/.m2/repository/org/openjfx/javafx-base/18/javafx-base-18-mac.jar:/Users/aska/.m2/repository/org/openjfx/javafx-media/18/javafx-media-18-win.jar:/Users/aska/.m2/repository/org/openjfx/javafx-media/18/javafx-media-18-mac.jar:/Users/aska/.m2/repository/org/openjfx/javafx-fxml/18/javafx-fxml-18.jar:/Users/aska/.m2/repository/org/openjfx/javafx-fxml/18/javafx-fxml-18-mac.jar:"/>
    <property name="java.vm.vendor" value="Amazon.com Inc."/>
    <property name="sun.arch.data.model" value="64"/>
    <property name="java.vendor.url" value="https://aws.amazon.com/corretto/"/>
    <property name="os.name" value="Mac OS X"/>
    <property name="java.vm.specification.version" value="16"/>
    <property name="sun.java.launcher" value="SUN_STANDARD"/>
    <property name="user.country" value="AT"/>
    <property name="sun.boot.library.path" value="/Users/aska/Library/Java/JavaVirtualMachines/corretto-16.0.2-1/Contents/Home/lib"/>
    <property name="sun.java.command" value="/Users/aska/Projects/Prog2_G4.4/target/surefire/surefirebooter14316141519539589599.jar /Users/aska/Projects/Prog2_G4.4/target/surefire 2022-04-01T18-57-41_312-jvmRun1 surefire3748938491624208212tmp surefire_017011412748958150861tmp"/>
    <property name="jdk.debug" value="release"/>
    <property name="surefire.test.class.path" value="/Users/aska/Projects/Prog2_G4.4/target/test-classes:/Users/aska/Projects/Prog2_G4.4/target/classes:/Users/aska/.m2/repository/org/junit/jupiter/junit-jupiter-engine/5.8.2/junit-jupiter-engine-5.8.2.jar:/Users/aska/.m2/repository/org/junit/platform/junit-platform-engine/1.8.2/junit-platform-engine-1.8.2.jar:/Users/aska/.m2/repository/org/apiguardian/apiguardian-api/1.1.2/apiguardian-api-1.1.2.jar:/Users/aska/.m2/repository/org/junit/jupiter/junit-jupiter-api/5.8.2/junit-jupiter-api-5.8.2.jar:/Users/aska/.m2/repository/org/opentest4j/opentest4j/1.2.0/opentest4j-1.2.0.jar:/Users/aska/.m2/repository/org/junit/platform/junit-platform-commons/1.8.2/junit-platform-commons-1.8.2.jar:/Users/aska/.m2/repository/org/openjfx/javafx-controls/18/javafx-controls-18.jar:/Users/aska/.m2/repository/org/openjfx/javafx-controls/18/javafx-controls-18-mac.jar:/Users/aska/.m2/repository/org/openjfx/javafx-graphics/18/javafx-graphics-18.jar:/Users/aska/.m2/repository/org/openjfx/javafx-graphics/18/javafx-graphics-18-mac.jar:/Users/aska/.m2/repository/org/openjfx/javafx-base/18/javafx-base-18.jar:/Users/aska/.m2/repository/org/openjfx/javafx-base/18/javafx-base-18-mac.jar:/Users/aska/.m2/repository/org/openjfx/javafx-media/18/javafx-media-18-win.jar:/Users/aska/.m2/repository/org/openjfx/javafx-media/18/javafx-media-18-mac.jar:/Users/aska/.m2/repository/org/openjfx/javafx-fxml/18/javafx-fxml-18.jar:/Users/aska/.m2/repository/org/openjfx/javafx-fxml/18/javafx-fxml-18-mac.jar:"/>
    <property name="sun.cpu.endian" value="little"/>
    <property name="user.home" value="/Users/aska"/>
    <property name="user.language" value="en"/>
    <property name="java.specification.vendor" value="Oracle Corporation"/>
    <property name="java.version.date" value="2021-07-20"/>
    <property name="java.home" value="/Users/aska/Library/Java/JavaVirtualMachines/corretto-16.0.2-1/Contents/Home"/>
    <property name="file.separator" value="/"/>
    <property name="basedir" value="/Users/aska/Projects/Prog2_G4.4"/>
    <property name="java.vm.compressedOopsMode" value="Zero based"/>
    <property name="line.separator" value="&#10;"/>
    <property name="java.vm.specification.vendor" value="Oracle Corporation"/>
    <property name="java.specification.name" value="Java Platform API Specification"/>
    <property name="surefire.real.class.path" value="/Users/aska/Projects/Prog2_G4.4/target/surefire/surefirebooter14316141519539589599.jar"/>
    <property name="sun.management.compiler" value="HotSpot 64-Bit Tiered Compilers"/>
    <property name="java.runtime.version" value="16.0.2+7"/>
    <property name="user.name" value="aska"/>
    <property name="path.separator" value=":"/>
    <property name="os.version" value="12.2.1"/>
    <property name="java.runtime.name" value="OpenJDK Runtime Environment"/>
    <property name="file.encoding" value="US-ASCII"/>
    <property name="java.vm.name" value="OpenJDK 64-Bit Server VM"/>
    <property name="java.vendor.version" value="Corretto-16.0.2.7.1"/>
    <property name="localRepository" value="/Users/aska/.m2/repository"/>
    <property name="java.vendor.url.bug" value="https://github.com/corretto/corretto-jdk/issues/"/>
    <property name="java.io.tmpdir" value="/var/folders/ck/jlkvwd251r5_962kq9_pgdt00000gn/T/"/>
    <property name="idea.version" value="2021.3.3"/>
    <property name="java.version" value="16.0.2"/>
    <property name="user.dir" value="/Users/aska/Projects/Prog2_G4.4"/>
    <property name="os.arch" value="x86_64"/>
    <property name="java.vm.specification.name" value="Java Virtual Machine Specification"/>
    <property name="java.library.path" value="/Users/aska/Library/Java/Extensions:/Library/Java/Extensions:/Network/Library/Java/Extensions:/System/Library/Java/Extensions:/usr/lib/java:."/>
    <property name="java.vm.info" value="mixed mode, sharing"/>
    <property name="java.vendor" value="Amazon.com Inc."/>
    <property name="java.vm.version" value="16.0.2+7"/>
    <property name="sun.io.unicode.encoding" value="UnicodeBig"/>
    <property name="java.class.version" value="60.0"/>
  </properties>
  <testcase name="at.ac.fhcampuswien.UnitTest" classname="at.ac.fhcampuswien.UnitTest" time="0.002">
    <error message="@BeforeAll method &apos;void at.ac.fhcampuswien.UnitTest.setup()&apos; must be static unless the test class is annotated with @TestInstance(Lifecycle.PER_CLASS)." type="org.junit.platform.commons.JUnitException">org.junit.platform.commons.JUnitException: @BeforeAll method 'void at.ac.fhcampuswien.UnitTest.setup()' must be static unless the test class is annotated with @TestInstance(Lifecycle.PER_CLASS).
</error>
  </testcase>
</testsuite>